<?xml version="1.0" encoding="UTF-8"?>
<!-- Generated by org.testng.reporters.JUnitReportReporter -->
<testsuite hostname="DESKTOP-5N1P76C" failures="0" tests="4" name="com.lbrce.cse.UserValidationTest" time="0.009" errors="0" timestamp="2023-10-27T11:11:02 IST" skipped="0">
  <testcase classname="com.lbrce.cse.UserValidationTest" name="testCase1" time="0.009"/>
  <testcase classname="com.lbrce.cse.UserValidationTest" name="testCase4" time="0.000"/>
  <testcase classname="com.lbrce.cse.UserValidationTest" name="testCase2" time="0.000"/>
  <testcase classname="com.lbrce.cse.UserValidationTest" name="testCase3" time="0.000"/>
</testsuite> <!-- com.lbrce.cse.UserValidationTest -->
